27910
detected binary path: /root/.virtualenvs/blogenv/bin/uwsgi
!!! no internal routing support, rebuild with pcre support !!!
uWSGI running as root, you can use --uid/--gid/--chroot options
*** WARNING: you are running uWSGI as root !!! (use the --uid flag) *** 
chdir() to /root/src/www/QmpythonBlog
your processes number limit is 7856
your memory page size is 4096 bytes
detected max file descriptor number: 65535
lock engine: pthread robust mutexes
thunder lock: disabled (you can enable it with --thunder-lock)
uWSGI http bound on 127.0.0.1:8000 fd 3
probably another instance of uWSGI is running on the same address (127.0.0.1:8000).
bind(): Address already in use [core/socket.c line 769]
*** Starting uWSGI 2.0.17.1 (64bit) on [Sun May  5 00:52:21 2019] ***
compiled with version: 5.4.0 20160609 on 10 December 2018 15:49:56
os: Linux-4.4.0-117-generic #141-Ubuntu SMP Tue Mar 13 11:58:07 UTC 2018
nodename: qmpython
machine: x86_64
clock source: unix
detected number of CPU cores: 1
current working directory: /root/src/www/QmpythonBlog
writing pidfile to uwsgi.pid
detected binary path: /root/.virtualenvs/blogenv/bin/uwsgi
!!! no internal routing support, rebuild with pcre support !!!
uWSGI running as root, you can use --uid/--gid/--chroot options
*** WARNING: you are running uWSGI as root !!! (use the --uid flag) *** 
chdir() to /root/src/www/QmpythonBlog
your processes number limit is 7856
your memory page size is 4096 bytes
detected max file descriptor number: 65535
lock engine: pthread robust mutexes
thunder lock: disabled (you can enable it with --thunder-lock)
bind(): Cannot assign requested address [core/socket.c line 769]
*** Starting uWSGI 2.0.17.1 (64bit) on [Sun May  5 01:02:29 2019] ***
compiled with version: 5.4.0 20160609 on 10 December 2018 15:49:56
os: Linux-4.4.0-117-generic #141-Ubuntu SMP Tue Mar 13 11:58:07 UTC 2018
nodename: qmpython
machine: x86_64
clock source: unix
detected number of CPU cores: 1
current working directory: /root/src/www/QmpythonBlog
writing pidfile to uwsgi.pid
detected binary path: /usr/local/bin/uwsgi
!!! no internal routing support, rebuild with pcre support !!!
uWSGI running as root, you can use --uid/--gid/--chroot options
*** WARNING: you are running uWSGI as root !!! (use the --uid flag) *** 
chdir() to /root/src/www/QmpythonBlog
your processes number limit is 7856
your memory page size is 4096 bytes
detected max file descriptor number: 65535
lock engine: pthread robust mutexes
thunder lock: disabled (you can enable it with --thunder-lock)
bind(): Cannot assign requested address [core/socket.c line 769]
*** Starting uWSGI 2.0.17.1 (64bit) on [Sun May  5 01:06:08 2019] ***
compiled with version: 5.4.0 20160609 on 10 December 2018 15:49:56
os: Linux-4.4.0-117-generic #141-Ubuntu SMP Tue Mar 13 11:58:07 UTC 2018
nodename: qmpython
machine: x86_64
clock source: unix
detected number of CPU cores: 1
current working directory: /root/src/www/QmpythonBlog
writing pidfile to uwsgi.pid
detected binary path: /root/.virtualenvs/blogenv/bin/uwsgi
!!! no internal routing support, rebuild with pcre support !!!
uWSGI running as root, you can use --uid/--gid/--chroot options
*** WARNING: you are running uWSGI as root !!! (use the --uid flag) *** 
chdir() to /root/src/www/QmpythonBlog
your processes number limit is 7856
your memory page size is 4096 bytes
detected max file descriptor number: 65535
lock engine: pthread robust mutexes
thunder lock: disabled (you can enable it with --thunder-lock)
bind(): Cannot assign requested address [core/socket.c line 769]
